Mon Mar  3 11:10:08 UTC 2025
Mon Mar  3 13:14:46 UTC 2025
Tue Mar  4 13:14:03 UTC 2025
Wed Mar  5 13:15:06 UTC 2025
Thu Mar  6 13:14:39 UTC 2025
Fri Mar  7 13:05:11 UTC 2025
Sat Mar  8 12:49:47 UTC 2025
Sun Mar  9 12:47:33 UTC 2025
Mon Mar 10 13:16:57 UTC 2025
Tue Mar 11 13:16:22 UTC 2025
Wed Mar 12 13:16:08 UTC 2025
Thu Mar 13 13:16:43 UTC 2025
Fri Mar 14 13:04:08 UTC 2025
Sat Mar 15 13:00:11 UTC 2025
Sun Mar 16 13:01:23 UTC 2025
Mon Mar 17 13:17:56 UTC 2025
Tue Mar 18 13:16:56 UTC 2025
Wed Mar 19 13:16:52 UTC 2025
Thu Mar 20 13:14:41 UTC 2025
Fri Mar 21 13:14:51 UTC 2025
Sat Mar 22 13:00:55 UTC 2025
Sun Mar 23 13:01:44 UTC 2025
Mon Mar 24 13:18:09 UTC 2025
Tue Mar 25 13:18:14 UTC 2025
Wed Mar 26 13:18:10 UTC 2025
Thu Mar 27 13:16:57 UTC 2025
Fri Mar 28 13:16:12 UTC 2025
Sat Mar 29 13:03:00 UTC 2025
